<?xml version="1.0" encoding="UTF-8"?>
<coverage generated="1682075602601" clover="3.2.0">
  <project timestamp="1682075602601" name="All files">
    <metrics statements="20" coveredstatements="14" conditionals="0" coveredconditionals="0" methods="15" coveredmethods="7" elements="35" coveredelements="21" complexity="0" loc="20" ncloc="20" packages="3" files="4" classes="4"/>
    <package name="Blog">
      <metrics statements="9" coveredstatements="9" conditionals="0" coveredconditionals="0" methods="9" coveredmethods="3"/>
      <file name="index.ts" path="C:\Users\Nico\Documents\Projects\Web 2\portfolio2023\portfolio2023\components\Blog\index.ts">
        <metrics statements="9" coveredstatements="9" conditionals="0" coveredconditionals="0" methods="9" coveredmethods="3"/>
        <line num="1" count="3" type="stmt"/>
        <line num="2" count="3" type="stmt"/>
        <line num="3" count="3" type="stmt"/>
        <line num="4" count="3" type="stmt"/>
        <line num="5" count="3" type="stmt"/>
        <line num="6" count="3" type="stmt"/>
        <line num="7" count="3" type="stmt"/>
        <line num="8" count="3" type="stmt"/>
        <line num="9" count="3" type="stmt"/>
      </file>
    </package>
    <package name="Buttons">
      <metrics statements="5" coveredstatements="5" conditionals="0" coveredconditionals="0" methods="4" coveredmethods="4"/>
      <file name="Button.tsx" path="C:\Users\Nico\Documents\Projects\Web 2\portfolio2023\portfolio2023\components\Buttons\Button.tsx">
        <metrics statements="3" coveredstatements="3" conditionals="0" coveredconditionals="0" methods="2" coveredmethods="2"/>
        <line num="2" count="4" type="stmt"/>
        <line num="10" count="4" type="stmt"/>
        <line num="22" count="4" type="stmt"/>
      </file>
      <file name="ButtonDisabled.tsx" path="C:\Users\Nico\Documents\Projects\Web 2\portfolio2023\portfolio2023\components\Buttons\ButtonDisabled.tsx">
        <metrics statements="2" coveredstatements="2" conditionals="0" coveredconditionals="0" methods="2" coveredmethods="2"/>
        <line num="7" count="1" type="stmt"/>
        <line num="18" count="1" type="stmt"/>
      </file>
    </package>
    <package name="Homepage">
      <metrics statements="6" coveredstatements="0" conditionals="0" coveredconditionals="0" methods="2" coveredmethods="0"/>
      <file name="Introduction.tsx" path="C:\Users\Nico\Documents\Projects\Web 2\portfolio2023\portfolio2023\components\Homepage\Introduction.tsx">
        <metrics statements="6" coveredstatements="0" conditionals="0" coveredconditionals="0" methods="2" coveredmethods="0"/>
        <line num="1" count="0" type="stmt"/>
        <line num="2" count="0" type="stmt"/>
        <line num="3" count="0" type="stmt"/>
        <line num="5" count="0" type="stmt"/>
        <line num="7" count="0" type="stmt"/>
        <line num="50" count="0" type="stmt"/>
      </file>
    </package>
  </project>
</coverage>
