{"C:\\Users\\Nico\\Documents\\Projects\\Web 2\\portfolio2023\\portfolio2023\\components\\Blog\\index.ts": {"path":"C:\\Users\\Nico\\Documents\\Projects\\Web 2\\portfolio2023\\portfolio2023\\components\\Blog\\index.ts","statementMap":{"0":{"start":{"line":1,"column":19},"end":{"line":1,"column":27}},"1":{"start":{"line":2,"column":19},"end":{"line":2,"column":29}},"2":{"start":{"line":3,"column":19},"end":{"line":3,"column":29}},"3":{"start":{"line":4,"column":19},"end":{"line":4,"column":29}},"4":{"start":{"line":5,"column":19},"end":{"line":5,"column":25}},"5":{"start":{"line":6,"column":19},"end":{"line":6,"column":27}},"6":{"start":{"line":7,"column":19},"end":{"line":7,"column":31}},"7":{"start":{"line":8,"column":19},"end":{"line":8,"column":32}},"8":{"start":{"line":9,"column":19},"end":{"line":9,"column":25}},"9":{"start":{"line":1,"column":34},"end":{"line":1,"column":null}},"10":{"start":{"line":2,"column":36},"end":{"line":2,"column":null}},"11":{"start":{"line":3,"column":36},"end":{"line":3,"column":null}},"12":{"start":{"line":4,"column":36},"end":{"line":4,"column":null}},"13":{"start":{"line":5,"column":32},"end":{"line":5,"column":null}},"14":{"start":{"line":6,"column":34},"end":{"line":6,"column":null}},"15":{"start":{"line":7,"column":38},"end":{"line":7,"column":null}},"16":{"start":{"line":8,"column":39},"end":{"line":8,"column":null}},"17":{"start":{"line":9,"column":32},"end":{"line":9,"column":null}}},"fnMap":{"0":{"name":"(anonymous_1)","decl":{"start":{"line":1,"column":27},"end":{"line":1,"column":34}},"loc":{"start":{"line":1,"column":19},"end":{"line":1,"column":27}}},"1":{"name":"(anonymous_2)","decl":{"start":{"line":2,"column":29},"end":{"line":2,"column":36}},"loc":{"start":{"line":2,"column":19},"end":{"line":2,"column":29}}},"2":{"name":"(anonymous_3)","decl":{"start":{"line":3,"column":29},"end":{"line":3,"column":36}},"loc":{"start":{"line":3,"column":19},"end":{"line":3,"column":29}}},"3":{"name":"(anonymous_4)","decl":{"start":{"line":4,"column":29},"end":{"line":4,"column":36}},"loc":{"start":{"line":4,"column":19},"end":{"line":4,"column":29}}},"4":{"name":"(anonymous_5)","decl":{"start":{"line":5,"column":25},"end":{"line":5,"column":32}},"loc":{"start":{"line":5,"column":19},"end":{"line":5,"column":25}}},"5":{"name":"(anonymous_6)","decl":{"start":{"line":6,"column":27},"end":{"line":6,"column":34}},"loc":{"start":{"line":6,"column":19},"end":{"line":6,"column":27}}},"6":{"name":"(anonymous_7)","decl":{"start":{"line":7,"column":31},"end":{"line":7,"column":38}},"loc":{"start":{"line":7,"column":19},"end":{"line":7,"column":31}}},"7":{"name":"(anonymous_8)","decl":{"start":{"line":8,"column":32},"end":{"line":8,"column":39}},"loc":{"start":{"line":8,"column":19},"end":{"line":8,"column":32}}},"8":{"name":"(anonymous_9)","decl":{"start":{"line":9,"column":25},"end":{"line":9,"column":32}},"loc":{"start":{"line":9,"column":19},"end":{"line":9,"column":25}}}},"branchMap":{},"s":{"0":0,"1":2,"2":0,"3":0,"4":3,"5":2,"6":0,"7":0,"8":0,"9":3,"10":3,"11":3,"12":3,"13":3,"14":3,"15":3,"16":3,"17":3},"f":{"0":0,"1":2,"2":0,"3":0,"4":3,"5":2,"6":0,"7":0,"8":0},"b":{}}
,"C:\\Users\\Nico\\Documents\\Projects\\Web 2\\portfolio2023\\portfolio2023\\components\\Buttons\\Button.tsx": {"path":"C:\\Users\\Nico\\Documents\\Projects\\Web 2\\portfolio2023\\portfolio2023\\components\\Buttons\\Button.tsx","statementMap":{"0":{"start":{"line":22,"column":0},"end":{"line":22,"column":15}},"1":{"start":{"line":2,"column":17},"end":{"line":2,"column":null}},"2":{"start":{"line":10,"column":26},"end":{"line":20,"column":null}},"3":{"start":{"line":22,"column":15},"end":{"line":22,"column":null}}},"fnMap":{"0":{"name":"(anonymous_0)","decl":{"start":{"line":22,"column":0},"end":{"line":22,"column":15}},"loc":{"start":{"line":22,"column":0},"end":{"line":22,"column":15}}},"1":{"name":"(anonymous_2)","decl":{"start":{"line":10,"column":26},"end":{"line":10,"column":27}},"loc":{"start":{"line":10,"column":54},"end":{"line":20,"column":null}}}},"branchMap":{},"s":{"0":1,"1":4,"2":4,"3":4},"f":{"0":1,"1":1},"b":{}}
,"C:\\Users\\Nico\\Documents\\Projects\\Web 2\\portfolio2023\\portfolio2023\\components\\Buttons\\ButtonDisabled.tsx": {"path":"C:\\Users\\Nico\\Documents\\Projects\\Web 2\\portfolio2023\\portfolio2023\\components\\Buttons\\ButtonDisabled.tsx","statementMap":{"0":{"start":{"line":18,"column":0},"end":{"line":18,"column":15}},"1":{"start":{"line":7,"column":34},"end":{"line":16,"column":null}},"2":{"start":{"line":18,"column":15},"end":{"line":18,"column":null}}},"fnMap":{"0":{"name":"(anonymous_0)","decl":{"start":{"line":18,"column":0},"end":{"line":18,"column":15}},"loc":{"start":{"line":18,"column":0},"end":{"line":18,"column":15}}},"1":{"name":"(anonymous_1)","decl":{"start":{"line":7,"column":34},"end":{"line":7,"column":35}},"loc":{"start":{"line":7,"column":48},"end":{"line":16,"column":null}}}},"branchMap":{},"s":{"0":1,"1":1,"2":1},"f":{"0":1,"1":1},"b":{}}
,"C:\\Users\\Nico\\Documents\\Projects\\Web 2\\portfolio2023\\portfolio2023\\components\\Homepage\\Introduction.tsx": {"path":"C:\\Users\\Nico\\Documents\\Projects\\Web 2\\portfolio2023\\portfolio2023\\components\\Homepage\\Introduction.tsx","statementMap":{"0":{"start":{"line":50,"column":0},"end":{"line":50,"column":15}},"1":{"start":{"line":1,"column":17},"end":{"line":1,"column":null}},"2":{"start":{"line":2,"column":18},"end":{"line":2,"column":null}},"3":{"start":{"line":3,"column":19},"end":{"line":3,"column":null}},"4":{"start":{"line":5,"column":20},"end":{"line":5,"column":null}},"5":{"start":{"line":7,"column":21},"end":{"line":48,"column":null}},"6":{"start":{"line":50,"column":15},"end":{"line":50,"column":null}}},"fnMap":{"0":{"name":"(anonymous_0)","decl":{"start":{"line":50,"column":0},"end":{"line":50,"column":15}},"loc":{"start":{"line":50,"column":0},"end":{"line":50,"column":15}}},"1":{"name":"(anonymous_2)","decl":{"start":{"line":7,"column":21},"end":{"line":7,"column":27}},"loc":{"start":{"line":7,"column":27},"end":{"line":48,"column":null}}}},"branchMap":{},"s":{"0":0,"1":0,"2":0,"3":0,"4":0,"5":0,"6":0},"f":{"0":0,"1":0},"b":{}}
}
